Using pre-set license
Built from '2021.1/staging' branch; Version is '2021.1.6f1 (c0fade0cc7e9) revision 12647134'; Using compiler version '192528614'; Build Type 'Release'
OS: 'Windows 10 Pro; OS build 19043.1348; Version 2009; 64bit' Language: 'en' Physical Memory: 16298 MB
BatchMode: 1, IsHumanControllingUs: 0, StartBugReporterOnCrash: 0, Is64bit: 1, IsPro: 0

 COMMAND LINE ARGUMENTS:
C:\Program Files\Unity\Hub\Editor\2021.1.6f1\Editor\Unity.exe
-adb2
-batchMode
-noUpm
-name
AssetImportWorker0
-projectPath
C:/Users/reius/Documents/Maestria/Repositories/OrdaliaZero/OrdaliaZero
-logFile
Logs/AssetImportWorker0.log
-srvPort
54535
Successfully changed project path to: C:/Users/reius/Documents/Maestria/Repositories/OrdaliaZero/OrdaliaZero
C:/Users/reius/Documents/Maestria/Repositories/OrdaliaZero/OrdaliaZero
Using Asset Import Pipeline V2.
Refreshing native plugins compatible for Editor in 81.10 ms, found 3 plugins.
Preloading 0 native plugins for Editor in 0.00 ms.
Initialize engine version: 2021.1.6f1 (c0fade0cc7e9)
[Subsystems] Discovering subsystems at path C:/Program Files/Unity/Hub/Editor/2021.1.6f1/Editor/Data/Resources/UnitySubsystems
[Subsystems] Discovering subsystems at path C:/Users/reius/Documents/Maestria/Repositories/OrdaliaZero/OrdaliaZero/Assets
GfxDevice: creating device client; threaded=0; jobified=0
Direct3D:
    Version:  Direct3D 11.0 [level 11.1]
    Renderer: NVIDIA GeForce RTX 3060 (ID=0x2504)
    Vendor:   NVIDIA
    VRAM:     12143 MB
    Driver:   30.0.14.7196
Initialize mono
Mono path[0] = 'C:/Program Files/Unity/Hub/Editor/2021.1.6f1/Editor/Data/Managed'
Mono path[1] = 'C:/Program Files/Unity/Hub/Editor/2021.1.6f1/Editor/Data/MonoBleedingEdge/lib/mono/unityjit'
Mono config path = 'C:/Program Files/Unity/Hub/Editor/2021.1.6f1/Editor/Data/MonoBleedingEdge/etc'
Using monoOptions --debugger-agent=transport=dt_socket,embedding=1,server=y,suspend=n,address=127.0.0.1:56508
Begin MonoManager ReloadAssembly
Registering precompiled unity dll's ...
Register platform support module: C:/Program Files/Unity/Hub/Editor/2021.1.6f1/Editor/Data/PlaybackEngines/WebGLSupport/UnityEditor.WebGL.Extensions.dll
Register platform support module: C:/Program Files/Unity/Hub/Editor/2021.1.6f1/Editor/Data/PlaybackEngines/WindowsStandaloneSupport/UnityEditor.WindowsStandalone.Extensions.dll
Registered in 0.001636 seconds.
Native extension for WindowsStandalone target not found
Native extension for WebGL target not found
Refreshing native plugins compatible for Editor in 83.26 ms, found 3 plugins.
Preloading 0 native plugins for Editor in 0.00 ms.
Mono: successfully reloaded assembly
- Completed reload, in  1.853 seconds
Platform modules already initialized, skipping
Registering precompiled user dll's ...
Registered in 0.003716 seconds.
Begin MonoManager ReloadAssembly
Native extension for WindowsStandalone target not found
Native extension for WebGL target not found
Refreshing native plugins compatible for Editor in 80.72 ms, found 3 plugins.
Preloading 0 native plugins for Editor in 0.00 ms.
Mono: successfully reloaded assembly
- Completed reload, in  1.075 seconds
Platform modules already initialized, skipping
========================================================================
Worker process is ready to serve import requests
Launched and connected shader compiler UnityShaderCompiler.exe after 0.03 seconds
Refreshing native plugins compatible for Editor in 0.62 ms, found 3 plugins.
Preloading 0 native plugins for Editor in 0.00 ms.
Unloading 3810 Unused Serialized files (Serialized files now loaded: 0)
System memory in use before: 194.2 MB.
System memory in use after: 194.4 MB.

Unloading 26 unused Assets to reduce memory usage. Loaded Objects now: 4281.
Total: 2.356900 ms (FindLiveObjects: 0.225500 ms CreateObjectMapping: 0.146200 ms MarkObjects: 1.783700 ms  DeleteObjects: 0.200800 ms)

========================================================================
Received Import Request.
  path: Assets/AssetStoreTools
  artifactKey: Guid(72629768dd6b1e04497aafdee62c28e2) Importer(815301076,1909f56bfc062723c751e8b465ee728b)
Start importing Assets/AssetStoreTools using Guid(72629768dd6b1e04497aafdee62c28e2) Importer(815301076,1909f56bfc062723c751e8b465ee728b)  -> (artifact id: 'cce91f95d8d3954d61e125211e752ab5') in 0.007606 seconds 
========================================================================
Received Import Request.
  Time since last request: 10.553764 seconds.
  path: Assets/Modelos/Modelos extras (Artemis)
  artifactKey: Guid(2aceaa89f1f5a624aa31cb9453f4fa83) Importer(815301076,1909f56bfc062723c751e8b465ee728b)
Start importing Assets/Modelos/Modelos extras (Artemis) using Guid(2aceaa89f1f5a624aa31cb9453f4fa83) Importer(815301076,1909f56bfc062723c751e8b465ee728b)  -> (artifact id: '4282fba026a9f273ee48e6608247deb9') in 0.006004 seconds 
========================================================================
Received Import Request.
  Time since last request: 7.608325 seconds.
  path: Assets/Sprites
  artifactKey: Guid(2d2470dd144443343bf48f4e7a925532) Importer(815301076,1909f56bfc062723c751e8b465ee728b)
Start importing Assets/Sprites using Guid(2d2470dd144443343bf48f4e7a925532) Importer(815301076,1909f56bfc062723c751e8b465ee728b)  -> (artifact id: 'e07c4bf3ab55f84a35a8cb085a83e76b') in 0.005567 seconds 
========================================================================
Received Import Request.
  Time since last request: 4.000088 seconds.
  path: Assets/Sprites/Botones
  artifactKey: Guid(d123a43a64dbb6c4e84a22b283320d12) Importer(815301076,1909f56bfc062723c751e8b465ee728b)
Start importing Assets/Sprites/Botones using Guid(d123a43a64dbb6c4e84a22b283320d12) Importer(815301076,1909f56bfc062723c751e8b465ee728b)  -> (artifact id: '0129538328a80b33d6980c44d2ae2e43') in 0.004506 seconds 
========================================================================
Received Prepare
Registering precompiled user dll's ...
Registered in 0.003704 seconds.
Begin MonoManager ReloadAssembly
Native extension for WindowsStandalone target not found
Native extension for WebGL target not found
Refreshing native plugins compatible for Editor in 0.67 ms, found 3 plugins.
Preloading 0 native plugins for Editor in 0.00 ms.
Mono: successfully reloaded assembly
- Completed reload, in  0.946 seconds
Platform modules already initialized, skipping
Refreshing native plugins compatible for Editor in 0.65 ms, found 3 plugins.
Preloading 0 native plugins for Editor in 0.00 ms.
Unloading 3761 Unused Serialized files (Serialized files now loaded: 0)
System memory in use before: 190.0 MB.
System memory in use after: 190.2 MB.

Unloading 19 unused Assets to reduce memory usage. Loaded Objects now: 4283.
Total: 2.195100 ms (FindLiveObjects: 0.205000 ms CreateObjectMapping: 0.138900 ms MarkObjects: 1.682500 ms  DeleteObjects: 0.168000 ms)

========================================================================
Received Import Request.
  Time since last request: 15.841584 seconds.
  path: Assets/StarterAssets
  artifactKey: Guid(17d759e94f326e748ae4dc4626c7f0a2) Importer(815301076,1909f56bfc062723c751e8b465ee728b)
Start importing Assets/StarterAssets using Guid(17d759e94f326e748ae4dc4626c7f0a2) Importer(815301076,1909f56bfc062723c751e8b465ee728b)  -> (artifact id: 'e4e93d67e8ffc34ac84afc9eeb3dded4') in 0.007312 seconds 
========================================================================
Received Prepare
Registering precompiled user dll's ...
Registered in 0.003633 seconds.
Begin MonoManager ReloadAssembly
Native extension for WindowsStandalone target not found
Native extension for WebGL target not found
Refreshing native plugins compatible for Editor in 0.62 ms, found 3 plugins.
Preloading 0 native plugins for Editor in 0.00 ms.
Mono: successfully reloaded assembly
- Completed reload, in  0.934 seconds
Platform modules already initialized, skipping
Refreshing native plugins compatible for Editor in 0.75 ms, found 3 plugins.
Preloading 0 native plugins for Editor in 0.00 ms.
Unloading 3761 Unused Serialized files (Serialized files now loaded: 0)
System memory in use before: 190.1 MB.
System memory in use after: 190.3 MB.

Unloading 19 unused Assets to reduce memory usage. Loaded Objects now: 4285.
Total: 2.306600 ms (FindLiveObjects: 0.241900 ms CreateObjectMapping: 0.166900 ms MarkObjects: 1.721700 ms  DeleteObjects: 0.175300 ms)

========================================================================
Received Prepare
Registering precompiled user dll's ...
Registered in 0.003504 seconds.
Begin MonoManager ReloadAssembly
Native extension for WindowsStandalone target not found
Native extension for WebGL target not found
Refreshing native plugins compatible for Editor in 0.74 ms, found 3 plugins.
Preloading 0 native plugins for Editor in 0.00 ms.
Mono: successfully reloaded assembly
- Completed reload, in  0.925 seconds
Platform modules already initialized, skipping
Refreshing native plugins compatible for Editor in 0.65 ms, found 3 plugins.
Preloading 0 native plugins for Editor in 0.00 ms.
Unloading 3761 Unused Serialized files (Serialized files now loaded: 0)
System memory in use before: 190.2 MB.
System memory in use after: 190.3 MB.

Unloading 19 unused Assets to reduce memory usage. Loaded Objects now: 4287.
Total: 2.359800 ms (FindLiveObjects: 0.220800 ms CreateObjectMapping: 0.157900 ms MarkObjects: 1.798000 ms  DeleteObjects: 0.182500 ms)

========================================================================
Received Import Request.
  Time since last request: 28.983247 seconds.
  path: Assets/TextMesh Pro
  artifactKey: Guid(f54d1bd14bd3ca042bd867b519fee8cc) Importer(815301076,1909f56bfc062723c751e8b465ee728b)
Start importing Assets/TextMesh Pro using Guid(f54d1bd14bd3ca042bd867b519fee8cc) Importer(815301076,1909f56bfc062723c751e8b465ee728b)  -> (artifact id: '16b4cbde9565bf190136f1148817e1ea') in 0.007436 seconds 
========================================================================
Received Import Request.
  Time since last request: 2.820708 seconds.
  path: Assets/TextMesh Pro/Documentation
  artifactKey: Guid(8e7e8f5a82a3a134e91c54efd2274ea9) Importer(815301076,1909f56bfc062723c751e8b465ee728b)
Start importing Assets/TextMesh Pro/Documentation using Guid(8e7e8f5a82a3a134e91c54efd2274ea9) Importer(815301076,1909f56bfc062723c751e8b465ee728b)  -> (artifact id: '7f5aa99e36510f23d626084d8be9669f') in 0.004656 seconds 
========================================================================
Received Import Request.
  Time since last request: 2.972715 seconds.
  path: Assets/TextMesh Pro/Fonts
  artifactKey: Guid(6ab70aee4d56447429c680537fbf93ed) Importer(815301076,1909f56bfc062723c751e8b465ee728b)
Start importing Assets/TextMesh Pro/Fonts using Guid(6ab70aee4d56447429c680537fbf93ed) Importer(815301076,1909f56bfc062723c751e8b465ee728b)  -> (artifact id: 'c860dfdf0522eec1202f36843e52d436') in 0.004534 seconds 
========================================================================
Received Import Request.
  Time since last request: 0.057241 seconds.
  path: Assets/TextMesh Pro/Fonts/LiberationSans.ttf
  artifactKey: Guid(e3265ab4bf004d28a9537516768c1c75) Importer(815301076,1909f56bfc062723c751e8b465ee728b)
Start importing Assets/TextMesh Pro/Fonts/LiberationSans.ttf using Guid(e3265ab4bf004d28a9537516768c1c75) Importer(815301076,1909f56bfc062723c751e8b465ee728b)  -> (artifact id: '79889cafde56e022babe0107d274bab5') in 0.129383 seconds 
AssetImportWorkerClient::OnTransportError - code=2 error=End of file
